0	1	mikroCARM.exe -MSF -DBG -pSTM32F407ZG -RA -BIN -LHF -DL -SSA -O11111114 -fo168 -N"G:\Semester 8\TA\Program Mikrokontroler\Ischemia.mcpar" -SP"C:\Users\Public\Documents\Mikroelektronika\mikroC PRO for ARM\Defs\" -SP"C:\Users\Public\Documents\Mikroelektronika\mikroC PRO for ARM\Uses\ST M4\" -SP"G:\Semester 8\TA\Program Mikrokontroler\" -SP"C:\Users\Public\Documents\Mikroelektronika\mikroC PRO for ARM\Packages\ECG Click\Uses\" -SP"C:\Users\Public\Documents\Mikroelektronika\mikroC PRO for ARM\Packages\USB UART Click\Uses\" -IP"C:\Users\Public\Documents\Mikroelektronika\mikroC PRO for ARM\Uses\ST M4\" -IP"C:\Users\Public\Documents\Mikroelektronika\mikroC PRO for ARM\Packages\ECG Click\Uses\" -IP"C:\Users\Public\Documents\Mikroelektronika\mikroC PRO for ARM\Packages\USB UART Click\Uses\" "Ischemia_main.c" "Ischemia_events_code.c" "Ischemia_driver.c" "Ischemia_resources.c" "__Lib_Math.emcl" "__Lib_MathDouble.emcl" "__Lib_Delays.emcl" "__Lib_System_4XX.emcl" "__Lib_GPIO_32F4xx_Defs.emcl" "__Lib_GPIO_32F4xx.emcl" "__Lib_CString.emcl" "__Lib_CMath.emcl" "__Lib_Conversions.emcl" "__Lib_ADC_123_32F20x_24ch.emcl" "__Lib_I2C_123.emcl" "__Lib_UART_123_45_6.emcl" "__Lib_TFT.emcl" "__Lib_TFT_Defs.emcl" "__Lib_FT5XX6_gesture_decoder.emcl" "__Lib_FT5XX6.emcl" "mikromedia_plus_STM32F4.emcl" "ECG_STM32_M4.emcl" "USB_UART_STM32_M4.emcl" "Click_ECG.pld" "Click_USB_UART.pld"	 
diagnostics: 0	122	Compilation Started	STM32F407ZG.c
diagnostics: 58985	123	Compiled Successfully	STM32F407ZG.c
diagnostics: 0	122	Compilation Started	__Lib_Delays.c
diagnostics: 119	123	Compiled Successfully	__Lib_Delays.c
diagnostics: 0	122	Compilation Started	__lib_gpio.h
diagnostics: 879	123	Compiled Successfully	__Lib_GPIO_32F4xx_Defs.c
diagnostics: 0	122	Compilation Started	__Lib_TFT_Defs.c
warning: 110	1508	Implicit conversion of int to ptr	__Lib_TFT_Defs.c
warning: 122	1508	Implicit conversion of int to ptr	__Lib_TFT_Defs.c
warning: 134	1508	Implicit conversion of int to ptr	__Lib_TFT_Defs.c
warning: 146	1508	Implicit conversion of int to ptr	__Lib_TFT_Defs.c
warning: 155	1508	Implicit conversion of int to ptr	__Lib_TFT_Defs.c
warning: 172	1508	Implicit conversion of int to ptr	__Lib_TFT_Defs.c
warning: 186	1508	Implicit conversion of int to ptr	__Lib_TFT_Defs.c
diagnostics: 4534	123	Compiled Successfully	__Lib_TFT_Defs.c
diagnostics: 0	122	Compilation Started	__Lib_FT5XX6_gesture_decoder.c
warning: 25	1505	Suspicious pointer conversion	__Lib_FT5XX6_gesture_decoder.c
warning: 32	1505	Suspicious pointer conversion	__Lib_FT5XX6_gesture_decoder.c
warning: 39	1505	Suspicious pointer conversion	__Lib_FT5XX6_gesture_decoder.c
warning: 46	1505	Suspicious pointer conversion	__Lib_FT5XX6_gesture_decoder.c
warning: 53	1505	Suspicious pointer conversion	__Lib_FT5XX6_gesture_decoder.c
diagnostics: 65	123	Compiled Successfully	__Lib_FT5XX6_gesture_decoder.c
diagnostics: 0	122	Compilation Started	stdint.h
diagnostics: 349	123	Compiled Successfully	mikromedia_plus_STM32F4.c
diagnostics: 0	122	Compilation Started	ischemia_objects.h
diagnostics: 25	123	Compiled Successfully	Ischemia_main.c
diagnostics: 0	122	Compilation Started	ischemia_objects.h
diagnostics: 301	123	Compiled Successfully	Ischemia_events_code.c
diagnostics: 0	122	Compilation Started	ischemia_objects.h
diagnostics: 1691	123	Compiled Successfully	Ischemia_driver.c
diagnostics: 0	122	Compilation Started	Ischemia_resources.c
diagnostics: 3285	123	Compiled Successfully	Ischemia_resources.c
diagnostics: 0	127	All files Compiled in 1406 ms	 
diagnostics: 0	125	Project Linked Successfully	Ischemia.mcpar
diagnostics: 0	128	Linked in 1312 ms	 
diagnostics: 0	129	Project 'Ischemia.mcpar' completed: 6281 ms	 
diagnostics: 0	103	Finished successfully: 23 Jan 2022, 18:45:38	Ischemia.mcpar
